2019-12-16 00:00:01,628 INFO 95603 [egg-logrotator] app logger reload: got log-reload message
2019-12-16 04:30:00,629 INFO 95603 [-/127.0.0.1/-/0ms SCHEDULE /__schedule?path=/Users/zhubinbin/zhubinbin-workfile/my-workspace/my-blog/node_modules/_egg-multipart@2.9.1@egg-multipart/app/schedule/clean_tmpdir.js&type=worker&cron=0%2030%204%20*%20*%20*&immediate=false] [egg-multipart:CleanTmpdir] start clean tmpdir: "/var/folders/6_/xxvj0d4n4tq21yy8f4rt31cc0000gn/T/egg-multipart-tmp/my-blog"
2019-12-16 04:30:00,630 INFO 95603 [-/127.0.0.1/-/1ms SCHEDULE /__schedule?path=/Users/zhubinbin/zhubinbin-workfile/my-workspace/my-blog/node_modules/_egg-multipart@2.9.1@egg-multipart/app/schedule/clean_tmpdir.js&type=worker&cron=0%2030%204%20*%20*%20*&immediate=false] [egg-multipart:CleanTmpdir] end
2019-12-16 09:51:46,406 WARN 95603 [ClusterClient:Watcher] follower closed, and try to init it again
2019-12-16 11:30:29,371 WARN 95603 [ClusterClient:Watcher] follower closed, and try to init it again
2019-12-16 13:18:32,887 WARN 95603 [TCPBase] socket is closed by other side while there were still unhandled data in the socket buffer
2019-12-16 13:18:32,892 WARN 95603 [ClusterClient:Watcher] follower closed, and try to init it again
2019-12-16 15:06:39,742 WARN 95603 [ClusterClient:Watcher] follower closed, and try to init it again
2019-12-16 16:54:44,341 WARN 95603 [ClusterClient:Watcher] follower closed, and try to init it again
2019-12-16 18:42:52,549 WARN 95603 [ClusterClient:Watcher] follower closed, and try to init it again
2019-12-16 20:30:59,326 WARN 95603 [ClusterClient:Watcher] follower closed, and try to init it again
2019-12-18 20:53:20,971 WARN 95603 [TCPBase] socket is closed by other side while there were still unhandled data in the socket buffer
2019-12-18 20:53:20,979 WARN 95603 [ClusterClient:Watcher] follower closed, and try to init it again
2019-12-18 21:01:17,568 WARN 95603 [ClusterClient:Watcher] follower closed, and try to init it again
2019-12-18 21:48:37,434 WARN 95603 [TCPBase] socket is closed by other side while there were still unhandled data in the socket buffer
2019-12-18 21:48:37,434 WARN 95603 [ClusterClient:Watcher] follower closed, and try to init it again
2019-12-18 22:46:55,498 WARN 95603 [ClusterClient:Watcher] follower closed, and try to init it again
2019-12-19 00:40:14,772 WARN 95603 [TCPBase] socket is closed by other side while there were still unhandled data in the socket buffer
2019-12-19 00:40:14,783 WARN 95603 [ClusterClient:Watcher] follower closed, and try to init it again
2019-12-19 02:28:22,906 WARN 95603 [ClusterClient:Watcher] follower closed, and try to init it again
2019-12-19 04:16:27,069 WARN 95603 [ClusterClient:Watcher] follower closed, and try to init it again
2019-12-19 06:04:35,361 WARN 95603 [ClusterClient:Watcher] follower closed, and try to init it again
2019-12-19 07:52:42,450 WARN 95603 [ClusterClient:Watcher] follower closed, and try to init it again
2019-12-19 08:57:52,037 WARN 95603 [ClusterClient:Watcher] follower closed, and try to init it again
2019-12-19 19:53:27,739 WARN 95603 [TCPBase] socket is closed by other side while there were still unhandled data in the socket buffer
2019-12-19 19:53:27,747 WARN 95603 [ClusterClient:Watcher] follower closed, and try to init it again
2019-12-19 20:28:12,164 WARN 95603 [ClusterClient:Watcher] follower closed, and try to init it again
